<?xml version="1.0" encoding="UTF-8"?>
<testng-results ignored="0" total="1" passed="1" failed="0" skipped="0">
  <reporter-output>
  </reporter-output>
  <suite started-at="2023-01-25T22:15:05 EST" name="Default suite" finished-at="2023-01-25T22:15:05 EST" duration-ms="15">
    <groups>
    </groups>
    <test started-at="2023-01-25T22:15:05 EST" name="Default test" finished-at="2023-01-25T22:15:05 EST" duration-ms="15">
      <class name="practice.DefaultValue">
        <test-method signature="defaultValue()[pri:0, instance:practice.DefaultValue@6283d8b8]" started-at="2023-01-25T22:15:05 EST" name="defaultValue" finished-at="2023-01-25T22:15:05 EST" duration-ms="3" status="PASS">
          <reporter-output>
          </reporter-output>
        </test-method> <!-- defaultValue -->
      </class> <!-- practice.DefaultValue -->
    </test> <!-- Default test -->
  </suite> <!-- Default suite -->
</testng-results>
